Vivado Simulator 2020.1
Copyright 1986-1999, 2001-2020 Xilinx, Inc. All Rights Reserved.
Running: C:/Xilinx/Vivado/2020.1/bin/unwrapped/win64.o/xelab.exe -wto 2c95a67ff6b84476a1d7b6b8e742ece6 --incr --debug typical --relax --mt 2 -L xil_defaultlib -L secureip -L xpm --snapshot alu_tb_behav xil_defaultlib.alu_tb -log elaborate.log 
Using 2 slave threads.
Starting static elaboration
Completed static elaboration
Starting simulation data flow analysis
Completed simulation data flow analysis
Time Resolution for simulation is 1ps
Compiling package std.standard
Compiling package std.textio
Compiling package ieee.std_logic_1164
Compiling package ieee.std_logic_textio
Compiling package std.env
Compiling package ieee.numeric_std
Compiling package ieee.std_logic_arith
Compiling package ieee.std_logic_unsigned
Compiling architecture behavioral of entity xil_defaultlib.alu [\alu(dwidth=17)\]
Compiling architecture behavioral of entity xil_defaultlib.alu_tb
Built simulation snapshot alu_tb_behav
